0 info it worked if it ends with ok
1 verbose cli [ '/home/willian/.nvm/v0.10.48/bin/node',
1 verbose cli   '/home/willian/.nvm/v0.10.48/bin/npm',
1 verbose cli   'start' ]
2 info using npm@2.15.1
3 info using node@v0.10.48
4 verbose run-script [ 'prestart', 'start', 'poststart' ]
5 info prestart backend@1.0.0
6 info start backend@1.0.0
7 verbose unsafe-perm in lifecycle true
8 info backend@1.0.0 Failed to exec start script
9 verbose stack Error: backend@1.0.0 start: `nodemon`
9 verbose stack Exit status 8
9 verbose stack     at EventEmitter.<anonymous> (/home/willian/.nvm/v0.10.48/lib/node_modules/npm/lib/utils/lifecycle.js:217:16)
9 verbose stack     at EventEmitter.emit (events.js:98:17)
9 verbose stack     at ChildProcess.<anonymous> (/home/willian/.nvm/v0.10.48/lib/node_modules/npm/lib/utils/spawn.js:24:14)
9 verbose stack     at ChildProcess.emit (events.js:98:17)
9 verbose stack     at maybeClose (child_process.js:766:16)
9 verbose stack     at Process.ChildProcess._handle.onexit (child_process.js:833:5)
10 verbose pkgid backend@1.0.0
11 verbose cwd /home/willian/Área de Trabalho/Curso JS/Ceeja/backend
12 error Linux 6.2.0-26-generic
13 error argv "/home/willian/.nvm/v0.10.48/bin/node" "/home/willian/.nvm/v0.10.48/bin/npm" "start"
14 error node v0.10.48
15 error npm  v2.15.1
16 error code ELIFECYCLE
17 error backend@1.0.0 start: `nodemon`
17 error Exit status 8
18 error Failed at the backend@1.0.0 start script 'nodemon'.
18 error This is most likely a problem with the backend package,
18 error not with npm itself.
18 error Tell the author that this fails on your system:
18 error     nodemon
18 error You can get information on how to open an issue for this project with:
18 error     npm bugs backend
18 error Or if that isn't available, you can get their info via:
18 error
18 error     npm owner ls backend
18 error There is likely additional logging output above.
19 verbose exit [ 1, true ]
